
> @playform/format@0.0.2 prepublishOnly D:\Developer\Application\Playform\NPM\Format
> Build 'Source/**/*.ts'


  Target\Function\Integration.js     1.0kb
  Target\Variable\Option.js          468b 
  Target\Function\Configuration.js   383b 
  Target\Variable\Biome.js           112b 
  Target\Interface\Configuration.js    0b 
  ...and 3 more output files...

⚡ Done in 23ms

  Target/Function/Integration.js ─────── 1.0kb ─ 100.0%
   └ Source/Function/Integration.ts ─── 1000b ─── 95.6%

  Target/Variable/Option.js ──────────── 468b ── 100.0%
   └ Source/Variable/Option.ts ───────── 446b ─── 95.3%

  Target/Function/Configuration.js ───── 383b ── 100.0%
   └ Source/Function/Configuration.ts ── 334b ─── 87.2%

  Target/Variable/Biome.js ───────────── 112b ── 100.0%
   └ Source/Variable/Biome.ts ─────────── 90b ─── 80.4%

  Target/Interface/Configuration.js ────── 0b ── 100.0%

  Target/Interface/Integration.js ──────── 0b ── 100.0%

  Target/Interface/Option.js ───────────── 0b ── 100.0%

  Target/Type/Biome.js ─────────────────── 0b ── 100.0%

Source/Variable/Option.ts(10,18): error TS7006: Parameter 'On' implicitly has an 'any' type.

Source/Variable/Option.ts(11,24): error TS7006: Parameter 'On' implicitly has an 'any' type.
Source/Variable/Option.ts(12,23): error TS7031: Binding element 'File' implicitly has an 'any' type.

